<?xml version="1.0" encoding="UTF-8"?>
<!-- Generated by org.testng.reporters.JUnitReportReporter -->
<testsuite hostname="YEP" name="test.LoginTest" tests="2" failures="0" timestamp="22 Nov 2015 03:57:47 GMT" time="37.007" errors="0">
  <testcase name="Successful" time="17.064" classname="test.LoginTest"/>
  <testcase name="Unsuccessful" time="19.943" classname="test.LoginTest"/>
</testsuite> <!-- test.LoginTest -->
