<?xml version="1.0" encoding="UTF-8"?>
<!-- Generated by org.testng.reporters.JUnitReportReporter -->
<testsuite hostname="YEP" name="test.LoginTest" tests="2" failures="0" timestamp="28 Nov 2015 01:13:19 GMT" time="34.554" errors="0">
  <testcase name="Successful" time="18.230" classname="test.LoginTest"/>
  <testcase name="Successful" time="16.324" classname="test.LoginTest"/>
</testsuite> <!-- test.LoginTest -->
