<?xml version="1.0" encoding="UTF-8"?>
<!-- Generated by org.testng.reporters.JUnitReportReporter -->
<testsuite hostname="YEP" name="test.RegisterTest" tests="2" failures="0" timestamp="27 Nov 2015 06:35:51 GMT" time="30.248" errors="0">
  <testcase name="Successful" time="15.956" classname="test.RegisterTest"/>
  <testcase name="Successful" time="14.292" classname="test.RegisterTest"/>
</testsuite> <!-- test.RegisterTest -->
