<?xml version="1.0" encoding="UTF-8"?>
<!-- Generated by org.testng.reporters.JUnitReportReporter -->
<testsuite hostname="YEP" name="test.SoloPruebas" tests="1" failures="0" timestamp="21 Nov 2015 22:40:31 GMT" time="16.354" errors="0">
  <testcase name="f" time="16.354" classname="test.SoloPruebas"/>
</testsuite> <!-- test.SoloPruebas -->
