<?xml version="1.0" encoding="UTF-8"?>
<!-- Generated by org.testng.reporters.JUnitReportReporter -->
<testsuite hostname="jyep-PC" name="test.RegisterTest" tests="8" failures="0" timestamp="27 Nov 2015 18:36:28 GMT" time="264.495" errors="0">
  <testcase name="Successful" time="32.333" classname="test.RegisterTest"/>
  <testcase name="Successful" time="20.904" classname="test.RegisterTest"/>
  <testcase name="Successful" time="48.002" classname="test.RegisterTest"/>
  <testcase name="Successful" time="42.303" classname="test.RegisterTest"/>
  <testcase name="Successful" time="29.704" classname="test.RegisterTest"/>
  <testcase name="Successful" time="45.025" classname="test.RegisterTest"/>
  <testcase name="Successful" time="26.700" classname="test.RegisterTest"/>
  <testcase name="Successful" time="19.524" classname="test.RegisterTest"/>
</testsuite> <!-- test.RegisterTest -->
