<?xml version="1.0" encoding="UTF-8"?>
<!-- Generated by org.testng.reporters.JUnitReportReporter -->
<testsuite hostname="YEP" name="test.LoginTest" tests="2" failures="0" timestamp="27 Nov 2015 04:13:52 GMT" time="34.625" errors="0">
  <testcase name="Successful" time="17.314" classname="test.LoginTest"/>
  <testcase name="Unsuccessful" time="17.311" classname="test.LoginTest"/>
</testsuite> <!-- test.LoginTest -->
