<?xml version="1.0" encoding="UTF-8"?>
<!-- Generated by org.testng.reporters.JUnitReportReporter -->
<testsuite hostname="YEP" name="test.LoginTest" tests="2" failures="0" timestamp="28 Nov 2015 01:02:41 GMT" time="34.579" errors="0">
  <testcase name="Successful" time="19.031" classname="test.LoginTest"/>
  <testcase name="Successful" time="15.548" classname="test.LoginTest"/>
</testsuite> <!-- test.LoginTest -->
