<?xml version="1.0" encoding="UTF-8"?>
<!-- Generated by org.testng.reporters.JUnitReportReporter -->
<testsuite hostname="YEP" name="test.LoginTest" tests="4" failures="0" timestamp="5 Dec 2015 06:41:44 GMT" time="57.999" errors="0">
  <testcase name="login" time="7.913" classname="test.LoginTest"/>
  <testcase name="login" time="10.522" classname="test.LoginTest"/>
  <testcase name="login" time="25.305" classname="test.LoginTest"/>
  <testcase name="login" time="14.259" classname="test.LoginTest"/>
</testsuite> <!-- test.LoginTest -->
