<?xml version="1.0" encoding="UTF-8"?>
<!-- Generated by org.testng.reporters.JUnitReportReporter -->
<testsuite hostname="jyep-PC" name="test.LoginTest" tests="2" failures="0" timestamp="27 Nov 2015 18:50:55 GMT" time="51.111" errors="0">
  <testcase name="Unsuccessful" time="22.541" classname="test.LoginTest"/>
  <testcase name="Successful" time="28.570" classname="test.LoginTest"/>
</testsuite> <!-- test.LoginTest -->
