<?xml version="1.0" encoding="UTF-8"?>
<!-- Generated by org.testng.reporters.JUnitReportReporter -->
<testsuite hostname="YEP" name="test.AddNewsTest" tests="5" failures="0" timestamp="18 Dec 2015 09:13:40 GMT" time="132.757" errors="0">
  <testcase name="test" time="28.021" classname="test.AddNewsTest"/>
  <testcase name="test" time="19.788" classname="test.AddNewsTest"/>
  <testcase name="test" time="26.416" classname="test.AddNewsTest"/>
  <testcase name="test" time="29.104" classname="test.AddNewsTest"/>
  <testcase name="test" time="29.428" classname="test.AddNewsTest"/>
</testsuite> <!-- test.AddNewsTest -->
